d:\d_documents\game\2026\war times_v0.01\build\wartimes.dir\debug\input.obj
d:\d_documents\game\2026\war times_v0.01\build\wartimes.dir\debug\application.obj
d:\d_documents\game\2026\war times_v0.01\build\wartimes.dir\debug\shader.obj
d:\d_documents\game\2026\war times_v0.01\build\wartimes.dir\debug\timer.obj
d:\d_documents\game\2026\war times_v0.01\build\wartimes.dir\debug\main.obj
d:\d_documents\game\2026\war times_v0.01\build\wartimes.dir\debug\camera.obj
d:\d_documents\game\2026\war times_v0.01\build\wartimes.dir\debug\renderer.obj
d:\d_documents\game\2026\war times_v0.01\build\wartimes.dir\debug\mesh.obj
d:\d_documents\game\2026\war times_v0.01\build\wartimes.dir\debug\texture.obj
d:\d_documents\game\2026\war times_v0.01\build\wartimes.dir\debug\debugrenderer.obj
d:\d_documents\game\2026\war times_v0.01\build\wartimes.dir\debug\imgui_impl_dx11.obj
d:\d_documents\game\2026\war times_v0.01\build\wartimes.dir\debug\imgui_widgets.obj
d:\d_documents\game\2026\war times_v0.01\build\wartimes.dir\debug\imgui_demo.obj
d:\d_documents\game\2026\war times_v0.01\build\wartimes.dir\debug\imgui_draw.obj
d:\d_documents\game\2026\war times_v0.01\build\wartimes.dir\debug\imgui_tables.obj
d:\d_documents\game\2026\war times_v0.01\build\wartimes.dir\debug\imgui_impl_win32.obj
d:\d_documents\game\2026\war times_v0.01\build\wartimes.dir\debug\imgui.obj
d:\d_documents\game\2026\war times_v0.01\build\wartimes.dir\debug\leveleditorwindow.obj
d:\d_documents\game\2026\war times_v0.01\build\wartimes.dir\debug\editorpanels.obj
d:\d_documents\game\2026\war times_v0.01\build\wartimes.dir\debug\editorui.obj
d:\d_documents\game\2026\war times_v0.01\build\wartimes.dir\debug\vc143.pdb
d:\d_documents\game\2026\war times_v0.01\build\wartimes.dir\debug\postprocess.obj
d:\d_documents\game\2026\war times_v0.01\build\wartimes.dir\debug\ssao.obj
d:\d_documents\game\2026\war times_v0.01\build\wartimes.dir\debug\shadowmap.obj
d:\d_documents\game\2026\war times_v0.01\build\wartimes.dir\debug\character.obj
d:\d_documents\game\2026\war times_v0.01\build\wartimes.dir\debug\aiagent.obj
d:\d_documents\game\2026\war times_v0.01\build\wartimes.dir\debug\navgrid.obj
d:\d_documents\game\2026\war times_v0.01\build\wartimes.dir\debug\resourcemanager.obj
d:\d_documents\game\2026\war times_v0.01\build\wartimes.dir\debug\physicsworld.obj
d:\d_documents\game\2026\war times_v0.01\build\wartimes.dir\debug\animstatemachine.obj
d:\d_documents\game\2026\war times_v0.01\build\wartimes.dir\debug\weaponsystem.obj
d:\d_documents\game\2026\war times_v0.01\build\wartimes.dir\debug\hud.obj
d:\d_documents\game\2026\war times_v0.01\build\wartimes.dir\debug\meshloader.obj
d:\d_documents\game\2026\war times_v0.01\build\wartimes.dir\debug\fsrupscaler.obj
d:\d_documents\game\2026\war times_v0.01\build\cmakefiles\generate.stamp
d:\d_documents\game\2026\war times_v0.01\build\bin\wartimes.exe
d:\d_documents\game\2026\war times_v0.01\build\bin\wartimes.pdb
d:\d_documents\game\2026\war times_v0.01\build\wartimes.dir\debug\wartimes.ilk
d:\d_documents\game\2026\war times_v0.01\build\wartimes.dir\debug\fbxloader.obj
d:\d_documents\game\2026\war times_v0.01\build\wartimes.dir\debug\fbxmodel.obj
d:\d_documents\game\2026\war times_v0.01\build\wartimes.dir\debug\fpsarmsanimator.obj
d:\d_documents\game\2026\war times_v0.01\build\wartimes.dir\debug\objloader.obj
d:\d_documents\game\2026\war times_v0.01\build\wartimes.dir\debug\skinnedmesh.obj
d:\d_documents\game\2026\war times_v0.01\build\wartimes.dir\debug\ufbx.obj
d:\d_documents\game\2026\war times_v0.01\build\wartimes.dir\debug\wartimes.tlog\cl.command.1.tlog
d:\d_documents\game\2026\war times_v0.01\build\wartimes.dir\debug\wartimes.tlog\cl.items.tlog
d:\d_documents\game\2026\war times_v0.01\build\wartimes.dir\debug\wartimes.tlog\cl.read.1.tlog
d:\d_documents\game\2026\war times_v0.01\build\wartimes.dir\debug\wartimes.tlog\cl.write.1.tlog
d:\d_documents\game\2026\war times_v0.01\build\wartimes.dir\debug\wartimes.tlog\custombuild.command.1.tlog
d:\d_documents\game\2026\war times_v0.01\build\wartimes.dir\debug\wartimes.tlog\custombuild.read.1.tlog
d:\d_documents\game\2026\war times_v0.01\build\wartimes.dir\debug\wartimes.tlog\custombuild.write.1.tlog
d:\d_documents\game\2026\war times_v0.01\build\wartimes.dir\debug\wartimes.tlog\link.command.1.tlog
d:\d_documents\game\2026\war times_v0.01\build\wartimes.dir\debug\wartimes.tlog\link.read.1.tlog
d:\d_documents\game\2026\war times_v0.01\build\wartimes.dir\debug\wartimes.tlog\link.secondary.1.tlog
d:\d_documents\game\2026\war times_v0.01\build\wartimes.dir\debug\wartimes.tlog\link.write.1.tlog
